<?xml version="1.0" encoding="UTF-8"?>
<testsuites>
  <testsuite name="CodeIgniter Application Test Suite" tests="4" assertions="3" failures="0" errors="1" time="0.197291">
    <testsuite name="Welcome_test" file="C:\xampp\htdocs\obralfix\application\tests\controllers\Welcome_test.php" fullPackage="Welcome" tests="2" assertions="2" failures="0" errors="0" time="0.092764">
      <testcase name="test_index" class="Welcome_test" file="C:\xampp\htdocs\obralfix\application\tests\controllers\Welcome_test.php" line="13" assertions="1" time="0.055406"/>
      <testcase name="test_method_404" class="Welcome_test" file="C:\xampp\htdocs\obralfix\application\tests\controllers\Welcome_test.php" line="19" assertions="1" time="0.037358"/>
    </testsuite>
    <testsuite name="Login_test" file="C:\xampp\htdocs\obralfix\application\tests\controllers\login_test.php" fullPackage="Login" tests="2" assertions="1" failures="0" errors="1" time="0.104527">
      <testcase name="test_index" class="Login_test" file="C:\xampp\htdocs\obralfix\application\tests\controllers\login_test.php" line="11" assertions="1" time="0.056740"/>
      <testcase name="test_aksi_login" class="Login_test" file="C:\xampp\htdocs\obralfix\application\tests\controllers\login_test.php" line="23" assertions="0" time="0.047787">
        <error type="RuntimeException">Login_test::test_aksi_login
RuntimeException: Undefined variable: username on line 18 in file C:\xampp\htdocs\obralfix\application\views\user_page.php

C:\xampp\htdocs\obralfix\application\tests\_ci_phpunit_test\CIPHPUnitTestCase.php:169
C:\xampp\htdocs\obralfix\application\views\user_page.php:18
C:\xampp\htdocs\obralfix\application\tests\_ci_phpunit_test\replacing\core\Loader.php:1012
C:\xampp\htdocs\obralfix\application\tests\_ci_phpunit_test\replacing\core\Loader.php:513
C:\xampp\htdocs\obralfix\application\controllers\User_Authentication.php:123
C:\xampp\htdocs\obralfix\application\tests\_ci_phpunit_test\CIPHPUnitTestRequest.php:368
C:\xampp\htdocs\obralfix\application\tests\_ci_phpunit_test\CIPHPUnitTestRequest.php:297
C:\xampp\htdocs\obralfix\application\tests\_ci_phpunit_test\CIPHPUnitTestRequest.php:160
C:\xampp\htdocs\obralfix\application\tests\_ci_phpunit_test\CIPHPUnitTestCase.php:144
C:\xampp\htdocs\obralfix\application\tests\controllers\login_test.php:29
</error>
      </testcase>
    </testsuite>
  </testsuite>
</testsuites>
